  [1m[35m (49.8ms)[0m  [1m[35mCREATE TABLE `schema_migrations` (`version` varchar(255) PRIMARY KEY) ENGINE=InnoDB[0m
  [1m[35m (23.6ms)[0m  [1m[35mCREATE TABLE `ar_internal_metadata` (`key` varchar(255) PRIMARY KEY, `value` varchar(255), `created_at` datetime NOT NULL, `updated_at` datetime NOT NULL) ENGINE=InnoDB[0m
  [1m[35m (0.3ms)[0m  [1m[34mSELECT DATABASE() as db[0m
  [1m[35m (0.5ms)[0m  [1m[34mSELECT GET_LOCK('5421582645530422350', 0);[0m
  [1m[36mActiveRecord::SchemaMigration Load (0.8ms)[0m  [1m[34mSELECT `schema_migrations`.* FROM `schema_migrations`[0m
Migrating to DeviseCreateUsers (20190211050746)
  [1m[35m (26.5ms)[0m  [1m[35mCREATE TABLE `users` (`id` int AUTO_INCREMENT PRIMARY KEY, `name` varchar(255) NOT NULL, `email` varchar(255) DEFAULT '' NOT NULL, `encrypted_password` varchar(255) DEFAULT '' NOT NULL, `reset_password_token` varchar(255), `reset_password_sent_at` datetime, `remember_created_at` datetime, `sign_in_count` int DEFAULT 0 NOT NULL, `current_sign_in_at` datetime, `last_sign_in_at` datetime, `current_sign_in_ip` varchar(255), `last_sign_in_ip` varchar(255), `created_at` datetime NOT NULL, `updated_at` datetime NOT NULL) ENGINE=InnoDB[0m
  [1m[35m (30.9ms)[0m  [1m[35mCREATE UNIQUE INDEX `index_users_on_email`  ON `users` (`email`) [0m
  [1m[35m (23.5ms)[0m  [1m[35mCREATE UNIQUE INDEX `index_users_on_reset_password_token`  ON `users` (`reset_password_token`) [0m
  [1m[35m (0.4ms)[0m  [1m[35mBEGIN[0m
  [1m[35mSQL (0.4ms)[0m  [1m[32mINSERT INTO `schema_migrations` (`version`) VALUES ('20190211050746')[0m
  [1m[35m (1.3ms)[0m  [1m[35mCOMMIT[0m
  [1m[36mActiveRecord::InternalMetadata Load (0.4ms)[0m  [1m[34mSELECT  `ar_internal_metadata`.* FROM `ar_internal_metadata` WHERE `ar_internal_metadata`.`key` = 'environment' LIMIT 1[0m
  [1m[35m (0.2ms)[0m  [1m[35mBEGIN[0m
  [1m[35mSQL (0.3ms)[0m  [1m[32mINSERT INTO `ar_internal_metadata` (`key`, `value`, `created_at`, `updated_at`) VALUES ('environment', 'development', '2019-02-11 05:17:16', '2019-02-11 05:17:16')[0m
  [1m[35m (1.4ms)[0m  [1m[35mCOMMIT[0m
  [1m[35m (0.2ms)[0m  [1m[34mSELECT RELEASE_LOCK('5421582645530422350')[0m
  [1m[36mActiveRecord::SchemaMigration Load (0.3ms)[0m  [1m[34mSELECT `schema_migrations`.* FROM `schema_migrations`[0m
  [1m[35m (0.9ms)[0m  [1m[35mSHOW CREATE TABLE `users`[0m
  [1m[35m (1.1ms)[0m  [1m[35mSHOW TABLE STATUS LIKE 'users'[0m
  [1m[35m (0.2ms)[0m  [1m[34mSELECT DATABASE() as db[0m
  [1m[35m (0.2ms)[0m  [1m[34mSELECT GET_LOCK('5421582645530422350', 0);[0m
  [1m[36mActiveRecord::SchemaMigration Load (0.4ms)[0m  [1m[34mSELECT `schema_migrations`.* FROM `schema_migrations`[0m
Migrating to CreateMessages (20190211052155)
  [1m[35m (29.0ms)[0m  [1m[35mCREATE TABLE `messages` (`id` int AUTO_INCREMENT PRIMARY KEY, `body` text NOT NULL, `image` varchar(255), `user_id` int, `group_id` int, `created_at` datetime NOT NULL, `updated_at` datetime NOT NULL,  INDEX `index_messages_on_user_id`  (`user_id`),  INDEX `index_messages_on_group_id`  (`group_id`), CONSTRAINT `fk_rails_273a25a7a6`
FOREIGN KEY (`user_id`)
  REFERENCES `users` (`id`)
, CONSTRAINT `fk_rails_841b0ae6ac`
FOREIGN KEY (`group_id`)
  REFERENCES `groups` (`id`)
) ENGINE=InnoDB[0m
  [1m[35m (0.2ms)[0m  [1m[34mSELECT RELEASE_LOCK('5421582645530422350')[0m
  [1m[35m (0.2ms)[0m  [1m[34mSELECT DATABASE() as db[0m
  [1m[35m (0.2ms)[0m  [1m[34mSELECT GET_LOCK('5421582645530422350', 0);[0m
  [1m[36mActiveRecord::SchemaMigration Load (0.3ms)[0m  [1m[34mSELECT `schema_migrations`.* FROM `schema_migrations`[0m
Migrating to CreateMessages (20190211052155)
  [1m[35m (27.9ms)[0m  [1m[35mCREATE TABLE `messages` (`id` int AUTO_INCREMENT PRIMARY KEY, `body` text NOT NULL, `image` varchar(255), `user_id` int, `group_id` int, `created_at` datetime NOT NULL, `updated_at` datetime NOT NULL,  INDEX `index_messages_on_user_id`  (`user_id`),  INDEX `index_messages_on_group_id`  (`group_id`), CONSTRAINT `fk_rails_273a25a7a6`
FOREIGN KEY (`user_id`)
  REFERENCES `users` (`id`)
, CONSTRAINT `fk_rails_841b0ae6ac`
FOREIGN KEY (`group_id`)
  REFERENCES `groups` (`id`)
) ENGINE=InnoDB[0m
  [1m[35m (0.2ms)[0m  [1m[34mSELECT RELEASE_LOCK('5421582645530422350')[0m
  [1m[35m (0.2ms)[0m  [1m[34mSELECT DATABASE() as db[0m
  [1m[35m (0.2ms)[0m  [1m[34mSELECT GET_LOCK('5421582645530422350', 0);[0m
  [1m[36mActiveRecord::SchemaMigration Load (0.3ms)[0m  [1m[34mSELECT `schema_migrations`.* FROM `schema_migrations`[0m
Migrating to CreateMessages (20190211052155)
  [1m[35m (28.5ms)[0m  [1m[35mCREATE TABLE `messages` (`id` int AUTO_INCREMENT PRIMARY KEY, `image` varchar(255), `user_id` int, `group_id` int, `created_at` datetime NOT NULL, `updated_at` datetime NOT NULL,  INDEX `index_messages_on_user_id`  (`user_id`),  INDEX `index_messages_on_group_id`  (`group_id`), CONSTRAINT `fk_rails_273a25a7a6`
FOREIGN KEY (`user_id`)
  REFERENCES `users` (`id`)
, CONSTRAINT `fk_rails_841b0ae6ac`
FOREIGN KEY (`group_id`)
  REFERENCES `groups` (`id`)
) ENGINE=InnoDB[0m
  [1m[35m (0.4ms)[0m  [1m[34mSELECT RELEASE_LOCK('5421582645530422350')[0m
  [1m[35m (0.2ms)[0m  [1m[34mSELECT DATABASE() as db[0m
  [1m[35m (0.2ms)[0m  [1m[34mSELECT GET_LOCK('5421582645530422350', 0);[0m
  [1m[36mActiveRecord::SchemaMigration Load (0.3ms)[0m  [1m[34mSELECT `schema_migrations`.* FROM `schema_migrations`[0m
Migrating to CreateMessages (20190211052155)
  [1m[35m (26.6ms)[0m  [1m[35mCREATE TABLE `messages` (`id` int AUTO_INCREMENT PRIMARY KEY, `image` varchar(255), `user_id` int, `group_id` int, `created_at` datetime NOT NULL, `updated_at` datetime NOT NULL,  INDEX `index_messages_on_user_id`  (`user_id`),  INDEX `index_messages_on_group_id`  (`group_id`), CONSTRAINT `fk_rails_273a25a7a6`
FOREIGN KEY (`user_id`)
  REFERENCES `users` (`id`)
, CONSTRAINT `fk_rails_841b0ae6ac`
FOREIGN KEY (`group_id`)
  REFERENCES `groups` (`id`)
) ENGINE=InnoDB[0m
  [1m[35m (0.4ms)[0m  [1m[34mSELECT RELEASE_LOCK('5421582645530422350')[0m
